<?xml version="1.0" encoding="UTF-8"?>
<testng-results ignored="0" total="1" passed="1" failed="0" skipped="0">
  <reporter-output>
  </reporter-output>
  <suite started-at="2023-11-15T11:32:38 IST" name="Default suite" finished-at="2023-11-15T11:32:51 IST" duration-ms="13325">
    <groups>
    </groups>
    <test started-at="2023-11-15T11:32:38 IST" name="Default test" finished-at="2023-11-15T11:32:51 IST" duration-ms="13325">
      <class name="com.testcases.LogoutTest">
        <test-method is-config="true" signature="inta()[pri:0, instance:com.testcases.LogoutTest@6b927fb]" started-at="2023-11-15T11:32:38 IST" name="inta" finished-at="2023-11-15T11:32:45 IST" duration-ms="7441" status="PASS">
          <reporter-output>
          </reporter-output>
        </test-method> <!-- inta -->
        <test-method signature="log()[pri:0, instance:com.testcases.LogoutTest@6b927fb]" started-at="2023-11-15T11:32:45 IST" name="log" finished-at="2023-11-15T11:32:51 IST" duration-ms="5814" status="PASS">
          <reporter-output>
          </reporter-output>
        </test-method> <!-- log -->
      </class> <!-- com.testcases.LogoutTest -->
    </test> <!-- Default test -->
  </suite> <!-- Default suite -->
</testng-results>
